<?xml version="1.0" encoding="UTF-8"?>
<testsuite xmlns:xsi="http://www.w3.org/2001/XMLSchema-instance" xsi:noNamespaceSchemaLocation="https://maven.apache.org/surefire/maven-surefire-plugin/xsd/surefire-test-report-3.0.xsd" version="3.0" name="vn.viettuts.qlsv.AppTest" time="0.022" tests="1" errors="0" skipped="0" failures="0">
  <properties>
    <property name="java.specification.version" value="21"/>
    <property name="sun.cpu.isalist" value="amd64"/>
    <property name="sun.jnu.encoding" value="Cp1252"/>
    <property name="java.class.path" value="C:\Users\PC\Desktop\tiem-swing\tiem-swing\target\test-classes;C:\Users\PC\Desktop\tiem-swing\tiem-swing\target\classes;C:\Users\PC\.m2\repository\javax\xml\bind\jaxb-api\2.3.1\jaxb-api-2.3.1.jar;C:\Users\PC\.m2\repository\javax\activation\javax.activation-api\1.2.0\javax.activation-api-1.2.0.jar;C:\Users\PC\.m2\repository\com\sun\xml\bind\jaxb-impl\2.3.4\jaxb-impl-2.3.4.jar;C:\Users\PC\.m2\repository\jakarta\xml\bind\jakarta.xml.bind-api\2.3.3\jakarta.xml.bind-api-2.3.3.jar;C:\Users\PC\.m2\repository\com\sun\activation\jakarta.activation\1.2.2\jakarta.activation-1.2.2.jar;C:\Users\PC\.m2\repository\junit\junit\3.8.1\junit-3.8.1.jar;C:\Users\PC\.m2\repository\commons-io\commons-io\1.3.2\commons-io-1.3.2.jar;C:\Users\PC\.m2\repository\ch\poole\osm\JosmFilterParser\0.10.0\JosmFilterParser-0.10.0.jar;C:\Users\PC\.m2\repository\tz\co\asoft\symphony-selector-jvm\3.0.6\symphony-selector-jvm-3.0.6.jar;C:\Users\PC\.m2\repository\tz\co\asoft\symphony-paginator-jvm\3.0.6\symphony-paginator-jvm-3.0.6.jar;C:\Users\PC\.m2\repository\tz\co\asoft\cinematic-live-core\3.0.6\cinematic-live-core-3.0.6.jar;C:\Users\PC\.m2\repository\tz\co\asoft\koncurrent-executors-core\3.0.6\koncurrent-executors-core-3.0.6.jar;C:\Users\PC\.m2\repository\tz\co\asoft\kotlinx-interoperable-exports\3.0.6\kotlinx-interoperable-exports-3.0.6.jar;C:\Users\PC\.m2\repository\tz\co\asoft\koncurrent-later-core\3.0.6\koncurrent-later-core-3.0.6.jar;C:\Users\PC\.m2\repository\tz\co\asoft\koncurrent-utils\3.0.6\koncurrent-utils-3.0.6.jar;C:\Users\PC\.m2\repository\tz\co\asoft\kase-core\3.0.6\kase-core-3.0.6.jar;C:\Users\PC\.m2\repository\tz\co\asoft\kollections-primitive\3.0.6\kollections-primitive-3.0.6.jar;C:\Users\PC\.m2\repository\org\jetbrains\kotlinx\kotlinx-serialization-core\1.6.2\kotlinx-serialization-core-1.6.2.jar;C:\Users\PC\.m2\repository\org\jetbrains\kotlinx\kotlinx-serialization-core-jvm\1.6.2\kotlinx-serialization-core-jvm-1.6.2.jar;C:\Users\PC\.m2\repository\org\jetbrains\kotlinx\atomicfu\0.23.1\atomicfu-0.23.1.jar;C:\Users\PC\.m2\repository\org\jetbrains\kotlinx\atomicfu-jvm\0.23.1\atomicfu-jvm-0.23.1.jar;C:\Users\PC\.m2\repository\org\jetbrains\kotlin\kotlin-stdlib-common\1.9.21\kotlin-stdlib-common-1.9.21.jar;C:\Users\PC\.m2\repository\tz\co\asoft\koncurrent-awaited-core\3.0.6\koncurrent-awaited-core-3.0.6.jar;C:\Users\PC\.m2\repository\tz\co\asoft\kollections-atomic\3.0.6\kollections-atomic-3.0.6.jar;C:\Users\PC\.m2\repository\tz\co\asoft\kase-optional\3.0.6\kase-optional-3.0.6.jar;C:\Users\PC\.m2\repository\tz\co\asoft\kase-possible\3.0.6\kase-possible-3.0.6.jar;C:\Users\PC\.m2\repository\org\jetbrains\kotlin\kotlin-stdlib\2.0.0-RC1\kotlin-stdlib-2.0.0-RC1.jar;C:\Users\PC\.m2\repository\org\jetbrains\annotations\13.0\annotations-13.0.jar;C:\Users\PC\.m2\repository\org\activecomponents\jadex\jadex-applications-webservice\4.0.267\jadex-applications-webservice-4.0.267.jar;C:\Users\PC\.m2\repository\org\activecomponents\jadex\jadex-util-commons\4.0.267\jadex-util-commons-4.0.267.jar;C:\Users\PC\.m2\repository\org\activecomponents\jadex\jadex-serialization-xml\4.0.267\jadex-serialization-xml-4.0.267.jar;C:\Users\PC\.m2\repository\org\activecomponents\jadex\jadex-serialization-traverser\4.0.267\jadex-serialization-traverser-4.0.267.jar;C:\Users\PC\.m2\repository\org\activecomponents\jadex\jadex-platform-bridge\4.0.267\jadex-platform-bridge-4.0.267.jar;C:\Users\PC\.m2\repository\org\activecomponents\jadex\jadex-util-concurrent\4.0.267\jadex-util-concurrent-4.0.267.jar;C:\Users\PC\.m2\repository\org\activecomponents\jadex\jadex-serialization-binary\4.0.267\jadex-serialization-binary-4.0.267.jar;C:\Users\PC\.m2\repository\org\activecomponents\jadex\jadex-util-javaparser\4.0.267\jadex-util-javaparser-4.0.267.jar;C:\Users\PC\.m2\repository\org\activecomponents\jadex\jadex-util-bytecode\4.0.267\jadex-util-bytecode-4.0.267.jar;C:\Users\PC\.m2\repository\org\activecomponents\jadex\jadex-util-nativetools\4.0.267\jadex-util-nativetools-4.0.267.jar;C:\Users\PC\.m2\repository\net\java\dev\jna\jna\5.8.0\jna-5.8.0.jar;C:\Users\PC\.m2\repository\org\ow2\asm\asm\9.1\asm-9.1.jar;C:\Users\PC\.m2\repository\org\ow2\asm\asm-tree\9.1\asm-tree-9.1.jar;C:\Users\PC\.m2\repository\org\ow2\asm\asm-util\9.1\asm-util-9.1.jar;C:\Users\PC\.m2\repository\org\ow2\asm\asm-analysis\9.1\asm-analysis-9.1.jar;C:\Users\PC\.m2\repository\org\activecomponents\jadex\jadex-rules-eca\4.0.267\jadex-rules-eca-4.0.267.jar;C:\Users\PC\.m2\repository\net\cinnom\nano-cuckoo\1.0.0\nano-cuckoo-1.0.0.jar;C:\Users\PC\.m2\repository\net\jpountz\lz4\lz4\1.3.0\lz4-1.3.0.jar;C:\Users\PC\.m2\repository\io\opentelemetry\opentelemetry-api\1.16.0\opentelemetry-api-1.16.0.jar;C:\Users\PC\.m2\repository\io\opentelemetry\opentelemetry-sdk\1.16.0\opentelemetry-sdk-1.16.0.jar;C:\Users\PC\.m2\repository\io\opentelemetry\opentelemetry-sdk-common\1.16.0\opentelemetry-sdk-common-1.16.0.jar;C:\Users\PC\.m2\repository\io\opentelemetry\opentelemetry-sdk-trace\1.16.0\opentelemetry-sdk-trace-1.16.0.jar;C:\Users\PC\.m2\repository\io\opentelemetry\opentelemetry-sdk-metrics\1.16.0\opentelemetry-sdk-metrics-1.16.0.jar;C:\Users\PC\.m2\repository\io\opentelemetry\opentelemetry-sdk-logs\1.16.0-alpha\opentelemetry-sdk-logs-1.16.0-alpha.jar;C:\Users\PC\.m2\repository\io\opentelemetry\opentelemetry-context\1.16.0\opentelemetry-context-1.16.0.jar;C:\Users\PC\.m2\repository\io\opentelemetry\opentelemetry-exporter-otlp\1.16.0\opentelemetry-exporter-otlp-1.16.0.jar;C:\Users\PC\.m2\repository\io\opentelemetry\opentelemetry-exporter-otlp-common\1.16.0\opentelemetry-exporter-otlp-common-1.16.0.jar;C:\Users\PC\.m2\repository\com\squareup\okhttp3\okhttp\4.9.3\okhttp-4.9.3.jar;C:\Users\PC\.m2\repository\com\squareup\okio\okio\2.8.0\okio-2.8.0.jar;C:\Users\PC\.m2\repository\io\opentelemetry\opentelemetry-semconv\1.16.0-alpha\opentelemetry-semconv-1.16.0-alpha.jar;C:\Users\PC\.m2\repository\org\activecomponents\jadex\jadex-kernel-micro\4.0.267\jadex-kernel-micro-4.0.267.jar;C:\Users\PC\.m2\repository\org\activecomponents\jadex\jadex-kernel-base\4.0.267\jadex-kernel-base-4.0.267.jar;C:\Users\PC\.m2\repository\org\activecomponents\jadex\jadex-kernel-component\4.0.267\jadex-kernel-component-4.0.267.jar;C:\Users\PC\.m2\repository\org\activecomponents\jadex\jadex-kernel-application\4.0.267\jadex-kernel-application-4.0.267.jar;C:\Users\PC\.m2\repository\org\activecomponents\jadex\jadex-platform-webservice\4.0.267\jadex-platform-webservice-4.0.267.jar;C:\Users\PC\.m2\repository\org\activecomponents\jadex\jadex-platform-base\4.0.267\jadex-platform-base-4.0.267.jar;C:\Users\PC\.m2\repository\org\activecomponents\jadex\jadex-util-gui\4.0.267\jadex-util-gui-4.0.267.jar;C:\Users\PC\.m2\repository\org\activecomponents\jadex\jadex-util-security\4.0.267\jadex-util-security-4.0.267.jar;C:\Users\PC\.m2\repository\org\bouncycastle\bcprov-jdk15on\1.69\bcprov-jdk15on-1.69.jar;C:\Users\PC\.m2\repository\org\bouncycastle\bcpkix-jdk15on\1.69\bcpkix-jdk15on-1.69.jar;C:\Users\PC\.m2\repository\org\bouncycastle\bcutil-jdk15on\1.69\bcutil-jdk15on-1.69.jar;C:\Users\PC\.m2\repository\net\java\dev\jna\jna-platform\4.5.2\jna-platform-4.5.2.jar;C:\Users\PC\.m2\repository\org\activecomponents\jadex\jadex-kernel-bpmn\4.0.267\jadex-kernel-bpmn-4.0.267.jar;C:\Users\PC\.m2\repository\org\activecomponents\jadex\jadex-kernel-model-bpmn\4.0.267\jadex-kernel-model-bpmn-4.0.267.jar;C:\Users\PC\.m2\repository\commons-daemon\commons-daemon\1.0.10\commons-daemon-1.0.10.jar;C:\Users\PC\.m2\repository\javax\mail\mail\1.4.5\mail-1.4.5.jar;C:\Users\PC\.m2\repository\javax\activation\activation\1.1\activation-1.1.jar;C:\Users\PC\.m2\repository\org\tukaani\xz\1.5\xz-1.5.jar;C:\Users\PC\.m2\repository\org\xerial\snappy\snappy-java\1.1.2.6\snappy-java-1.1.2.6.jar;C:\Users\PC\.m2\repository\net\i2p\crypto\eddsa\0.2.0\eddsa-0.2.0.jar;C:\Users\PC\.m2\repository\org\activecomponents\jadex\jadex-serialization-json\4.0.267\jadex-serialization-json-4.0.267.jar;C:\Users\PC\.m2\repository\com\eclipsesource\minimal-json\minimal-json\0.9.4\minimal-json-0.9.4.jar;C:\Users\PC\.m2\repository\jakarta\ws\rs\jakarta.ws.rs-api\3.0.0\jakarta.ws.rs-api-3.0.0.jar;C:\Users\PC\.m2\repository\org\javassist\javassist\3.28.0-GA\javassist-3.28.0-GA.jar;C:\Users\PC\.m2\repository\jakarta\servlet\jakarta.servlet-api\5.0.0\jakarta.servlet-api-5.0.0.jar;C:\Users\PC\.m2\repository\org\glassfish\jersey\core\jersey-common\3.0.2\jersey-common-3.0.2.jar;C:\Users\PC\.m2\repository\jakarta\annotation\jakarta.annotation-api\2.0.0\jakarta.annotation-api-2.0.0.jar;C:\Users\PC\.m2\repository\jakarta\inject\jakarta.inject-api\2.0.0\jakarta.inject-api-2.0.0.jar;C:\Users\PC\.m2\repository\org\glassfish\hk2\osgi-resource-locator\1.0.3\osgi-resource-locator-1.0.3.jar;C:\Users\PC\.m2\repository\com\sun\xml\ws\rt\2.3.2\rt-2.3.2.jar;C:\Users\PC\.m2\repository\jakarta\activation\jakarta.activation-api\1.2.1\jakarta.activation-api-1.2.1.jar;C:\Users\PC\.m2\repository\com\sun\xml\ws\policy\2.7.6\policy-2.7.6.jar;C:\Users\PC\.m2\repository\org\glassfish\jaxb\jaxb-runtime\2.3.2\jaxb-runtime-2.3.2.jar;C:\Users\PC\.m2\repository\org\glassfish\jaxb\txw2\2.3.2\txw2-2.3.2.jar;C:\Users\PC\.m2\repository\com\sun\istack\istack-commons-runtime\3.0.8\istack-commons-runtime-3.0.8.jar;C:\Users\PC\.m2\repository\com\sun\xml\fastinfoset\FastInfoset\1.2.16\FastInfoset-1.2.16.jar;C:\Users\PC\.m2\repository\org\glassfish\gmbal\gmbal\4.0.0\gmbal-4.0.0.jar;C:\Users\PC\.m2\repository\org\glassfish\external\management-api\3.2.1\management-api-3.2.1.jar;C:\Users\PC\.m2\repository\org\glassfish\pfl\pfl-basic\4.0.1\pfl-basic-4.0.1.jar;C:\Users\PC\.m2\repository\org\glassfish\pfl\pfl-basic-tools\4.0.1\pfl-basic-tools-4.0.1.jar;C:\Users\PC\.m2\repository\org\glassfish\pfl\pfl-tf-tools\4.0.1\pfl-tf-tools-4.0.1.jar;C:\Users\PC\.m2\repository\org\glassfish\pfl\pfl-tf\4.0.1\pfl-tf-4.0.1.jar;C:\Users\PC\.m2\repository\org\glassfish\pfl\pfl-asm\4.0.1\pfl-asm-4.0.1.jar;C:\Users\PC\.m2\repository\org\glassfish\pfl\pfl-dynamic\4.0.1\pfl-dynamic-4.0.1.jar;C:\Users\PC\.m2\repository\org\jvnet\staxex\stax-ex\1.8.1\stax-ex-1.8.1.jar;C:\Users\PC\.m2\repository\com\sun\xml\stream\buffer\streambuffer\1.5.7\streambuffer-1.5.7.jar;C:\Users\PC\.m2\repository\org\jvnet\mimepull\mimepull\1.9.11\mimepull-1.9.11.jar;C:\Users\PC\.m2\repository\com\fasterxml\woodstox\woodstox-core\5.1.0\woodstox-core-5.1.0.jar;C:\Users\PC\.m2\repository\org\codehaus\woodstox\stax2-api\4.1\stax2-api-4.1.jar;C:\Users\PC\.m2\repository\org\glassfish\ha\ha-api\3.1.12\ha-api-3.1.12.jar;C:\Users\PC\.m2\repository\com\sun\xml\messaging\saaj\saaj-impl\1.5.1\saaj-impl-1.5.1.jar;C:\Users\PC\.m2\repository\jakarta\xml\ws\jakarta.xml.ws-api\2.3.2\jakarta.xml.ws-api-2.3.2.jar;C:\Users\PC\.m2\repository\jakarta\xml\soap\jakarta.xml.soap-api\1.4.1\jakarta.xml.soap-api-1.4.1.jar;C:\Users\PC\.m2\repository\org\activecomponents\jadex\jadex-platform-webservice-grizzly\4.0.267\jadex-platform-webservice-grizzly-4.0.267.jar;C:\Users\PC\.m2\repository\org\glassfish\grizzly\grizzly-http-servlet\3.0.0\grizzly-http-servlet-3.0.0.jar;C:\Users\PC\.m2\repository\org\glassfish\jersey\media\jersey-media-multipart\3.0.2\jersey-media-multipart-3.0.2.jar;C:\Users\PC\.m2\repository\org\glassfish\grizzly\grizzly-http-server-multipart\3.0.0\grizzly-http-server-multipart-3.0.0.jar;C:\Users\PC\.m2\repository\org\glassfish\grizzly\grizzly-framework\3.0.0\grizzly-framework-3.0.0.jar;C:\Users\PC\.m2\repository\org\glassfish\grizzly\grizzly-http-server\3.0.0\grizzly-http-server-3.0.0.jar;C:\Users\PC\.m2\repository\org\glassfish\grizzly\grizzly-http\3.0.0\grizzly-http-3.0.0.jar;C:\Users\PC\.m2\repository\org\glassfish\jersey\containers\jersey-container-grizzly2-http\3.0.2\jersey-container-grizzly2-http-3.0.2.jar;C:\Users\PC\.m2\repository\org\glassfish\jersey\core\jersey-server\3.0.2\jersey-server-3.0.2.jar;C:\Users\PC\.m2\repository\jakarta\validation\jakarta.validation-api\3.0.0\jakarta.validation-api-3.0.0.jar;C:\Users\PC\.m2\repository\org\glassfish\jersey\core\jersey-client\3.0.2\jersey-client-3.0.2.jar;C:\Users\PC\.m2\repository\org\glassfish\jersey\media\jersey-media-moxy\3.0.2\jersey-media-moxy-3.0.2.jar;C:\Users\PC\.m2\repository\org\glassfish\jersey\ext\jersey-entity-filtering\3.0.2\jersey-entity-filtering-3.0.2.jar;C:\Users\PC\.m2\repository\jakarta\json\jakarta.json-api\2.0.0\jakarta.json-api-2.0.0.jar;C:\Users\PC\.m2\repository\jakarta\json\bind\jakarta.json.bind-api\2.0.0\jakarta.json.bind-api-2.0.0.jar;C:\Users\PC\.m2\repository\org\glassfish\jakarta.json\2.0.0\jakarta.json-2.0.0-module.jar;C:\Users\PC\.m2\repository\org\eclipse\persistence\org.eclipse.persistence.moxy\3.0.0\org.eclipse.persistence.moxy-3.0.0.jar;C:\Users\PC\.m2\repository\org\eclipse\persistence\org.eclipse.persistence.asm\3.0.0\org.eclipse.persistence.asm-3.0.0.jar;C:\Users\PC\.m2\repository\org\eclipse\persistence\org.eclipse.persistence.core\3.0.0\org.eclipse.persistence.core-3.0.0.jar;C:\Users\PC\.m2\repository\com\sun\mail\jakarta.mail\2.0.0\jakarta.mail-2.0.0.jar;C:\Users\PC\.m2\repository\org\glassfish\hk2\hk2-api\3.0.2\hk2-api-3.0.2.jar;C:\Users\PC\.m2\repository\org\glassfish\hk2\hk2-utils\3.0.2\hk2-utils-3.0.2.jar;C:\Users\PC\.m2\repository\org\glassfish\hk2\external\aopalliance-repackaged\3.0.2\aopalliance-repackaged-3.0.2.jar;C:\Users\PC\.m2\repository\org\codehaus\jackson\jackson-mapper-asl\1.9.3\jackson-mapper-asl-1.9.3.jar;C:\Users\PC\.m2\repository\org\codehaus\jackson\jackson-core-asl\1.9.3\jackson-core-asl-1.9.3.jar;C:\Users\PC\.m2\repository\javax\xml\ws\jaxws-api\2.3.1\jaxws-api-2.3.1.jar;C:\Users\PC\.m2\repository\javax\xml\soap\javax.xml.soap-api\1.4.0\javax.xml.soap-api-1.4.0.jar;C:\Users\PC\.m2\repository\javax\annotation\javax.annotation-api\1.3.2\javax.annotation-api-1.3.2.jar;C:\Users\PC\.m2\repository\jakarta\jws\jakarta.jws-api\1.1.1\jakarta.jws-api-1.1.1.jar;C:\Users\PC\.m2\repository\org\jfree\jfreechart\1.5.4\jfreechart-1.5.4.jar;C:\Users\PC\.m2\repository\com\toedter\jcalendar\1.4\jcalendar-1.4.jar;"/>
    <property name="java.vm.vendor" value="Oracle Corporation"/>
    <property name="sun.arch.data.model" value="64"/>
    <property name="user.variant" value=""/>
    <property name="java.vendor.url" value="https://java.oracle.com/"/>
    <property name="user.timezone" value="Asia/Saigon"/>
    <property name="os.name" value="Windows 11"/>
    <property name="java.vm.specification.version" value="21"/>
    <property name="user.country" value="US"/>
    <property name="sun.java.launcher" value="SUN_STANDARD"/>
    <property name="sun.boot.library.path" value="C:\Program Files\Java\jdk-21\bin"/>
    <property name="sun.java.command" value="C:\Users\PC\AppData\Local\Temp\surefire9917912971180556093\surefirebooter-20240503095941724_3.jar C:\Users\PC\AppData\Local\Temp\surefire9917912971180556093 2024-05-03T09-59-41_617-jvmRun1 surefire-20240503095941724_1tmp surefire_0-20240503095941724_2tmp"/>
    <property name="jdk.debug" value="release"/>
    <property name="surefire.test.class.path" value="C:\Users\PC\Desktop\tiem-swing\tiem-swing\target\test-classes;C:\Users\PC\Desktop\tiem-swing\tiem-swing\target\classes;C:\Users\PC\.m2\repository\javax\xml\bind\jaxb-api\2.3.1\jaxb-api-2.3.1.jar;C:\Users\PC\.m2\repository\javax\activation\javax.activation-api\1.2.0\javax.activation-api-1.2.0.jar;C:\Users\PC\.m2\repository\com\sun\xml\bind\jaxb-impl\2.3.4\jaxb-impl-2.3.4.jar;C:\Users\PC\.m2\repository\jakarta\xml\bind\jakarta.xml.bind-api\2.3.3\jakarta.xml.bind-api-2.3.3.jar;C:\Users\PC\.m2\repository\com\sun\activation\jakarta.activation\1.2.2\jakarta.activation-1.2.2.jar;C:\Users\PC\.m2\repository\junit\junit\3.8.1\junit-3.8.1.jar;C:\Users\PC\.m2\repository\commons-io\commons-io\1.3.2\commons-io-1.3.2.jar;C:\Users\PC\.m2\repository\ch\poole\osm\JosmFilterParser\0.10.0\JosmFilterParser-0.10.0.jar;C:\Users\PC\.m2\repository\tz\co\asoft\symphony-selector-jvm\3.0.6\symphony-selector-jvm-3.0.6.jar;C:\Users\PC\.m2\repository\tz\co\asoft\symphony-paginator-jvm\3.0.6\symphony-paginator-jvm-3.0.6.jar;C:\Users\PC\.m2\repository\tz\co\asoft\cinematic-live-core\3.0.6\cinematic-live-core-3.0.6.jar;C:\Users\PC\.m2\repository\tz\co\asoft\koncurrent-executors-core\3.0.6\koncurrent-executors-core-3.0.6.jar;C:\Users\PC\.m2\repository\tz\co\asoft\kotlinx-interoperable-exports\3.0.6\kotlinx-interoperable-exports-3.0.6.jar;C:\Users\PC\.m2\repository\tz\co\asoft\koncurrent-later-core\3.0.6\koncurrent-later-core-3.0.6.jar;C:\Users\PC\.m2\repository\tz\co\asoft\koncurrent-utils\3.0.6\koncurrent-utils-3.0.6.jar;C:\Users\PC\.m2\repository\tz\co\asoft\kase-core\3.0.6\kase-core-3.0.6.jar;C:\Users\PC\.m2\repository\tz\co\asoft\kollections-primitive\3.0.6\kollections-primitive-3.0.6.jar;C:\Users\PC\.m2\repository\org\jetbrains\kotlinx\kotlinx-serialization-core\1.6.2\kotlinx-serialization-core-1.6.2.jar;C:\Users\PC\.m2\repository\org\jetbrains\kotlinx\kotlinx-serialization-core-jvm\1.6.2\kotlinx-serialization-core-jvm-1.6.2.jar;C:\Users\PC\.m2\repository\org\jetbrains\kotlinx\atomicfu\0.23.1\atomicfu-0.23.1.jar;C:\Users\PC\.m2\repository\org\jetbrains\kotlinx\atomicfu-jvm\0.23.1\atomicfu-jvm-0.23.1.jar;C:\Users\PC\.m2\repository\org\jetbrains\kotlin\kotlin-stdlib-common\1.9.21\kotlin-stdlib-common-1.9.21.jar;C:\Users\PC\.m2\repository\tz\co\asoft\koncurrent-awaited-core\3.0.6\koncurrent-awaited-core-3.0.6.jar;C:\Users\PC\.m2\repository\tz\co\asoft\kollections-atomic\3.0.6\kollections-atomic-3.0.6.jar;C:\Users\PC\.m2\repository\tz\co\asoft\kase-optional\3.0.6\kase-optional-3.0.6.jar;C:\Users\PC\.m2\repository\tz\co\asoft\kase-possible\3.0.6\kase-possible-3.0.6.jar;C:\Users\PC\.m2\repository\org\jetbrains\kotlin\kotlin-stdlib\2.0.0-RC1\kotlin-stdlib-2.0.0-RC1.jar;C:\Users\PC\.m2\repository\org\jetbrains\annotations\13.0\annotations-13.0.jar;C:\Users\PC\.m2\repository\org\activecomponents\jadex\jadex-applications-webservice\4.0.267\jadex-applications-webservice-4.0.267.jar;C:\Users\PC\.m2\repository\org\activecomponents\jadex\jadex-util-commons\4.0.267\jadex-util-commons-4.0.267.jar;C:\Users\PC\.m2\repository\org\activecomponents\jadex\jadex-serialization-xml\4.0.267\jadex-serialization-xml-4.0.267.jar;C:\Users\PC\.m2\repository\org\activecomponents\jadex\jadex-serialization-traverser\4.0.267\jadex-serialization-traverser-4.0.267.jar;C:\Users\PC\.m2\repository\org\activecomponents\jadex\jadex-platform-bridge\4.0.267\jadex-platform-bridge-4.0.267.jar;C:\Users\PC\.m2\repository\org\activecomponents\jadex\jadex-util-concurrent\4.0.267\jadex-util-concurrent-4.0.267.jar;C:\Users\PC\.m2\repository\org\activecomponents\jadex\jadex-serialization-binary\4.0.267\jadex-serialization-binary-4.0.267.jar;C:\Users\PC\.m2\repository\org\activecomponents\jadex\jadex-util-javaparser\4.0.267\jadex-util-javaparser-4.0.267.jar;C:\Users\PC\.m2\repository\org\activecomponents\jadex\jadex-util-bytecode\4.0.267\jadex-util-bytecode-4.0.267.jar;C:\Users\PC\.m2\repository\org\activecomponents\jadex\jadex-util-nativetools\4.0.267\jadex-util-nativetools-4.0.267.jar;C:\Users\PC\.m2\repository\net\java\dev\jna\jna\5.8.0\jna-5.8.0.jar;C:\Users\PC\.m2\repository\org\ow2\asm\asm\9.1\asm-9.1.jar;C:\Users\PC\.m2\repository\org\ow2\asm\asm-tree\9.1\asm-tree-9.1.jar;C:\Users\PC\.m2\repository\org\ow2\asm\asm-util\9.1\asm-util-9.1.jar;C:\Users\PC\.m2\repository\org\ow2\asm\asm-analysis\9.1\asm-analysis-9.1.jar;C:\Users\PC\.m2\repository\org\activecomponents\jadex\jadex-rules-eca\4.0.267\jadex-rules-eca-4.0.267.jar;C:\Users\PC\.m2\repository\net\cinnom\nano-cuckoo\1.0.0\nano-cuckoo-1.0.0.jar;C:\Users\PC\.m2\repository\net\jpountz\lz4\lz4\1.3.0\lz4-1.3.0.jar;C:\Users\PC\.m2\repository\io\opentelemetry\opentelemetry-api\1.16.0\opentelemetry-api-1.16.0.jar;C:\Users\PC\.m2\repository\io\opentelemetry\opentelemetry-sdk\1.16.0\opentelemetry-sdk-1.16.0.jar;C:\Users\PC\.m2\repository\io\opentelemetry\opentelemetry-sdk-common\1.16.0\opentelemetry-sdk-common-1.16.0.jar;C:\Users\PC\.m2\repository\io\opentelemetry\opentelemetry-sdk-trace\1.16.0\opentelemetry-sdk-trace-1.16.0.jar;C:\Users\PC\.m2\repository\io\opentelemetry\opentelemetry-sdk-metrics\1.16.0\opentelemetry-sdk-metrics-1.16.0.jar;C:\Users\PC\.m2\repository\io\opentelemetry\opentelemetry-sdk-logs\1.16.0-alpha\opentelemetry-sdk-logs-1.16.0-alpha.jar;C:\Users\PC\.m2\repository\io\opentelemetry\opentelemetry-context\1.16.0\opentelemetry-context-1.16.0.jar;C:\Users\PC\.m2\repository\io\opentelemetry\opentelemetry-exporter-otlp\1.16.0\opentelemetry-exporter-otlp-1.16.0.jar;C:\Users\PC\.m2\repository\io\opentelemetry\opentelemetry-exporter-otlp-common\1.16.0\opentelemetry-exporter-otlp-common-1.16.0.jar;C:\Users\PC\.m2\repository\com\squareup\okhttp3\okhttp\4.9.3\okhttp-4.9.3.jar;C:\Users\PC\.m2\repository\com\squareup\okio\okio\2.8.0\okio-2.8.0.jar;C:\Users\PC\.m2\repository\io\opentelemetry\opentelemetry-semconv\1.16.0-alpha\opentelemetry-semconv-1.16.0-alpha.jar;C:\Users\PC\.m2\repository\org\activecomponents\jadex\jadex-kernel-micro\4.0.267\jadex-kernel-micro-4.0.267.jar;C:\Users\PC\.m2\repository\org\activecomponents\jadex\jadex-kernel-base\4.0.267\jadex-kernel-base-4.0.267.jar;C:\Users\PC\.m2\repository\org\activecomponents\jadex\jadex-kernel-component\4.0.267\jadex-kernel-component-4.0.267.jar;C:\Users\PC\.m2\repository\org\activecomponents\jadex\jadex-kernel-application\4.0.267\jadex-kernel-application-4.0.267.jar;C:\Users\PC\.m2\repository\org\activecomponents\jadex\jadex-platform-webservice\4.0.267\jadex-platform-webservice-4.0.267.jar;C:\Users\PC\.m2\repository\org\activecomponents\jadex\jadex-platform-base\4.0.267\jadex-platform-base-4.0.267.jar;C:\Users\PC\.m2\repository\org\activecomponents\jadex\jadex-util-gui\4.0.267\jadex-util-gui-4.0.267.jar;C:\Users\PC\.m2\repository\org\activecomponents\jadex\jadex-util-security\4.0.267\jadex-util-security-4.0.267.jar;C:\Users\PC\.m2\repository\org\bouncycastle\bcprov-jdk15on\1.69\bcprov-jdk15on-1.69.jar;C:\Users\PC\.m2\repository\org\bouncycastle\bcpkix-jdk15on\1.69\bcpkix-jdk15on-1.69.jar;C:\Users\PC\.m2\repository\org\bouncycastle\bcutil-jdk15on\1.69\bcutil-jdk15on-1.69.jar;C:\Users\PC\.m2\repository\net\java\dev\jna\jna-platform\4.5.2\jna-platform-4.5.2.jar;C:\Users\PC\.m2\repository\org\activecomponents\jadex\jadex-kernel-bpmn\4.0.267\jadex-kernel-bpmn-4.0.267.jar;C:\Users\PC\.m2\repository\org\activecomponents\jadex\jadex-kernel-model-bpmn\4.0.267\jadex-kernel-model-bpmn-4.0.267.jar;C:\Users\PC\.m2\repository\commons-daemon\commons-daemon\1.0.10\commons-daemon-1.0.10.jar;C:\Users\PC\.m2\repository\javax\mail\mail\1.4.5\mail-1.4.5.jar;C:\Users\PC\.m2\repository\javax\activation\activation\1.1\activation-1.1.jar;C:\Users\PC\.m2\repository\org\tukaani\xz\1.5\xz-1.5.jar;C:\Users\PC\.m2\repository\org\xerial\snappy\snappy-java\1.1.2.6\snappy-java-1.1.2.6.jar;C:\Users\PC\.m2\repository\net\i2p\crypto\eddsa\0.2.0\eddsa-0.2.0.jar;C:\Users\PC\.m2\repository\org\activecomponents\jadex\jadex-serialization-json\4.0.267\jadex-serialization-json-4.0.267.jar;C:\Users\PC\.m2\repository\com\eclipsesource\minimal-json\minimal-json\0.9.4\minimal-json-0.9.4.jar;C:\Users\PC\.m2\repository\jakarta\ws\rs\jakarta.ws.rs-api\3.0.0\jakarta.ws.rs-api-3.0.0.jar;C:\Users\PC\.m2\repository\org\javassist\javassist\3.28.0-GA\javassist-3.28.0-GA.jar;C:\Users\PC\.m2\repository\jakarta\servlet\jakarta.servlet-api\5.0.0\jakarta.servlet-api-5.0.0.jar;C:\Users\PC\.m2\repository\org\glassfish\jersey\core\jersey-common\3.0.2\jersey-common-3.0.2.jar;C:\Users\PC\.m2\repository\jakarta\annotation\jakarta.annotation-api\2.0.0\jakarta.annotation-api-2.0.0.jar;C:\Users\PC\.m2\repository\jakarta\inject\jakarta.inject-api\2.0.0\jakarta.inject-api-2.0.0.jar;C:\Users\PC\.m2\repository\org\glassfish\hk2\osgi-resource-locator\1.0.3\osgi-resource-locator-1.0.3.jar;C:\Users\PC\.m2\repository\com\sun\xml\ws\rt\2.3.2\rt-2.3.2.jar;C:\Users\PC\.m2\repository\jakarta\activation\jakarta.activation-api\1.2.1\jakarta.activation-api-1.2.1.jar;C:\Users\PC\.m2\repository\com\sun\xml\ws\policy\2.7.6\policy-2.7.6.jar;C:\Users\PC\.m2\repository\org\glassfish\jaxb\jaxb-runtime\2.3.2\jaxb-runtime-2.3.2.jar;C:\Users\PC\.m2\repository\org\glassfish\jaxb\txw2\2.3.2\txw2-2.3.2.jar;C:\Users\PC\.m2\repository\com\sun\istack\istack-commons-runtime\3.0.8\istack-commons-runtime-3.0.8.jar;C:\Users\PC\.m2\repository\com\sun\xml\fastinfoset\FastInfoset\1.2.16\FastInfoset-1.2.16.jar;C:\Users\PC\.m2\repository\org\glassfish\gmbal\gmbal\4.0.0\gmbal-4.0.0.jar;C:\Users\PC\.m2\repository\org\glassfish\external\management-api\3.2.1\management-api-3.2.1.jar;C:\Users\PC\.m2\repository\org\glassfish\pfl\pfl-basic\4.0.1\pfl-basic-4.0.1.jar;C:\Users\PC\.m2\repository\org\glassfish\pfl\pfl-basic-tools\4.0.1\pfl-basic-tools-4.0.1.jar;C:\Users\PC\.m2\repository\org\glassfish\pfl\pfl-tf-tools\4.0.1\pfl-tf-tools-4.0.1.jar;C:\Users\PC\.m2\repository\org\glassfish\pfl\pfl-tf\4.0.1\pfl-tf-4.0.1.jar;C:\Users\PC\.m2\repository\org\glassfish\pfl\pfl-asm\4.0.1\pfl-asm-4.0.1.jar;C:\Users\PC\.m2\repository\org\glassfish\pfl\pfl-dynamic\4.0.1\pfl-dynamic-4.0.1.jar;C:\Users\PC\.m2\repository\org\jvnet\staxex\stax-ex\1.8.1\stax-ex-1.8.1.jar;C:\Users\PC\.m2\repository\com\sun\xml\stream\buffer\streambuffer\1.5.7\streambuffer-1.5.7.jar;C:\Users\PC\.m2\repository\org\jvnet\mimepull\mimepull\1.9.11\mimepull-1.9.11.jar;C:\Users\PC\.m2\repository\com\fasterxml\woodstox\woodstox-core\5.1.0\woodstox-core-5.1.0.jar;C:\Users\PC\.m2\repository\org\codehaus\woodstox\stax2-api\4.1\stax2-api-4.1.jar;C:\Users\PC\.m2\repository\org\glassfish\ha\ha-api\3.1.12\ha-api-3.1.12.jar;C:\Users\PC\.m2\repository\com\sun\xml\messaging\saaj\saaj-impl\1.5.1\saaj-impl-1.5.1.jar;C:\Users\PC\.m2\repository\jakarta\xml\ws\jakarta.xml.ws-api\2.3.2\jakarta.xml.ws-api-2.3.2.jar;C:\Users\PC\.m2\repository\jakarta\xml\soap\jakarta.xml.soap-api\1.4.1\jakarta.xml.soap-api-1.4.1.jar;C:\Users\PC\.m2\repository\org\activecomponents\jadex\jadex-platform-webservice-grizzly\4.0.267\jadex-platform-webservice-grizzly-4.0.267.jar;C:\Users\PC\.m2\repository\org\glassfish\grizzly\grizzly-http-servlet\3.0.0\grizzly-http-servlet-3.0.0.jar;C:\Users\PC\.m2\repository\org\glassfish\jersey\media\jersey-media-multipart\3.0.2\jersey-media-multipart-3.0.2.jar;C:\Users\PC\.m2\repository\org\glassfish\grizzly\grizzly-http-server-multipart\3.0.0\grizzly-http-server-multipart-3.0.0.jar;C:\Users\PC\.m2\repository\org\glassfish\grizzly\grizzly-framework\3.0.0\grizzly-framework-3.0.0.jar;C:\Users\PC\.m2\repository\org\glassfish\grizzly\grizzly-http-server\3.0.0\grizzly-http-server-3.0.0.jar;C:\Users\PC\.m2\repository\org\glassfish\grizzly\grizzly-http\3.0.0\grizzly-http-3.0.0.jar;C:\Users\PC\.m2\repository\org\glassfish\jersey\containers\jersey-container-grizzly2-http\3.0.2\jersey-container-grizzly2-http-3.0.2.jar;C:\Users\PC\.m2\repository\org\glassfish\jersey\core\jersey-server\3.0.2\jersey-server-3.0.2.jar;C:\Users\PC\.m2\repository\jakarta\validation\jakarta.validation-api\3.0.0\jakarta.validation-api-3.0.0.jar;C:\Users\PC\.m2\repository\org\glassfish\jersey\core\jersey-client\3.0.2\jersey-client-3.0.2.jar;C:\Users\PC\.m2\repository\org\glassfish\jersey\media\jersey-media-moxy\3.0.2\jersey-media-moxy-3.0.2.jar;C:\Users\PC\.m2\repository\org\glassfish\jersey\ext\jersey-entity-filtering\3.0.2\jersey-entity-filtering-3.0.2.jar;C:\Users\PC\.m2\repository\jakarta\json\jakarta.json-api\2.0.0\jakarta.json-api-2.0.0.jar;C:\Users\PC\.m2\repository\jakarta\json\bind\jakarta.json.bind-api\2.0.0\jakarta.json.bind-api-2.0.0.jar;C:\Users\PC\.m2\repository\org\glassfish\jakarta.json\2.0.0\jakarta.json-2.0.0-module.jar;C:\Users\PC\.m2\repository\org\eclipse\persistence\org.eclipse.persistence.moxy\3.0.0\org.eclipse.persistence.moxy-3.0.0.jar;C:\Users\PC\.m2\repository\org\eclipse\persistence\org.eclipse.persistence.asm\3.0.0\org.eclipse.persistence.asm-3.0.0.jar;C:\Users\PC\.m2\repository\org\eclipse\persistence\org.eclipse.persistence.core\3.0.0\org.eclipse.persistence.core-3.0.0.jar;C:\Users\PC\.m2\repository\com\sun\mail\jakarta.mail\2.0.0\jakarta.mail-2.0.0.jar;C:\Users\PC\.m2\repository\org\glassfish\hk2\hk2-api\3.0.2\hk2-api-3.0.2.jar;C:\Users\PC\.m2\repository\org\glassfish\hk2\hk2-utils\3.0.2\hk2-utils-3.0.2.jar;C:\Users\PC\.m2\repository\org\glassfish\hk2\external\aopalliance-repackaged\3.0.2\aopalliance-repackaged-3.0.2.jar;C:\Users\PC\.m2\repository\org\codehaus\jackson\jackson-mapper-asl\1.9.3\jackson-mapper-asl-1.9.3.jar;C:\Users\PC\.m2\repository\org\codehaus\jackson\jackson-core-asl\1.9.3\jackson-core-asl-1.9.3.jar;C:\Users\PC\.m2\repository\javax\xml\ws\jaxws-api\2.3.1\jaxws-api-2.3.1.jar;C:\Users\PC\.m2\repository\javax\xml\soap\javax.xml.soap-api\1.4.0\javax.xml.soap-api-1.4.0.jar;C:\Users\PC\.m2\repository\javax\annotation\javax.annotation-api\1.3.2\javax.annotation-api-1.3.2.jar;C:\Users\PC\.m2\repository\jakarta\jws\jakarta.jws-api\1.1.1\jakarta.jws-api-1.1.1.jar;C:\Users\PC\.m2\repository\org\jfree\jfreechart\1.5.4\jfreechart-1.5.4.jar;C:\Users\PC\.m2\repository\com\toedter\jcalendar\1.4\jcalendar-1.4.jar;"/>
    <property name="sun.cpu.endian" value="little"/>
    <property name="user.home" value="C:\Users\PC"/>
    <property name="user.language" value="en"/>
    <property name="java.specification.vendor" value="Oracle Corporation"/>
    <property name="java.version.date" value="2023-10-17"/>
    <property name="java.home" value="C:\Program Files\Java\jdk-21"/>
    <property name="file.separator" value="\"/>
    <property name="basedir" value="C:\Users\PC\Desktop\tiem-swing\tiem-swing"/>
    <property name="java.vm.compressedOopsMode" value="Zero based"/>
    <property name="line.separator" value="&#10;"/>
    <property name="java.vm.specification.vendor" value="Oracle Corporation"/>
    <property name="java.specification.name" value="Java Platform API Specification"/>
    <property name="surefire.real.class.path" value="C:\Users\PC\AppData\Local\Temp\surefire9917912971180556093\surefirebooter-20240503095941724_3.jar"/>
    <property name="user.script" value=""/>
    <property name="sun.management.compiler" value="HotSpot 64-Bit Tiered Compilers"/>
    <property name="java.runtime.version" value="21.0.1+12-LTS-29"/>
    <property name="user.name" value="PC"/>
    <property name="stdout.encoding" value="Cp1252"/>
    <property name="path.separator" value=";"/>
    <property name="os.version" value="10.0"/>
    <property name="java.runtime.name" value="Java(TM) SE Runtime Environment"/>
    <property name="file.encoding" value="UTF-8"/>
    <property name="java.vm.name" value="Java HotSpot(TM) 64-Bit Server VM"/>
    <property name="maven.ext.class.path" value="C:\Program Files\NetBeans-20\netbeans\java\maven-nblib\netbeans-eventspy.jar"/>
    <property name="localRepository" value="C:\Users\PC\.m2\repository"/>
    <property name="java.vendor.url.bug" value="https://bugreport.java.com/bugreport/"/>
    <property name="java.io.tmpdir" value="C:\Users\PC\AppData\Local\Temp\"/>
    <property name="java.version" value="21.0.1"/>
    <property name="user.dir" value="C:\Users\PC\Desktop\tiem-swing\tiem-swing"/>
    <property name="os.arch" value="amd64"/>
    <property name="java.vm.specification.name" value="Java Virtual Machine Specification"/>
    <property name="sun.os.patch.level" value=""/>
    <property name="native.encoding" value="Cp1252"/>
    <property name="java.library.path" value="C:\Program Files\Java\jdk-21\bin;C:\WINDOWS\Sun\Java\bin;C:\WINDOWS\system32;C:\WINDOWS;C:\Program Files\Common Files\Oracle\Java\javapath;C:\Windows\system32;C:\Windows;C:\Windows\System32\Wbem;C:\Windows\System32\WindowsPowerShell\v1.0\;C:\Windows\System32\OpenSSH\;C:\Program Files (x86)\NVIDIA Corporation\PhysX\Common;C:\Program Files\NVIDIA Corporation\NVIDIA NvDLISR;C:\WINDOWS\system32;C:\WINDOWS;C:\WINDOWS\System32\Wbem;C:\WINDOWS\System32\WindowsPowerShell\v1.0\;C:\WINDOWS\System32\OpenSSH\;C:\Users\PC\AppData\Local\Programs\Python\Python311\Scripts\;C:\Users\PC\AppData\Local\Programs\Python\Python311\;C:\Users\PC\AppData\Local\Microsoft\WindowsApps;C:\Users\PC\AppData\Local\Programs\Microsoft VS Code\bin;C:\Users\PC\AppData\Local\GitHubDesktop\bin;."/>
    <property name="java.vm.info" value="mixed mode, sharing"/>
    <property name="stderr.encoding" value="Cp1252"/>
    <property name="java.vendor" value="Oracle Corporation"/>
    <property name="java.vm.version" value="21.0.1+12-LTS-29"/>
    <property name="sun.io.unicode.encoding" value="UnicodeLittle"/>
    <property name="java.class.version" value="65.0"/>
  </properties>
  <testcase name="testApp" classname="vn.viettuts.qlsv.AppTest" time="0.002"/>
</testsuite>